DScope Server running on http://localhost:3000
TypeError: Cannot read properties of undefined (reading 'startsWith')
    at mapDirectoryNode (/home/horcrux/Projects/dscope/DScope/server/src/presentation/presentationMapper.js:202:62)
    at mapToUI (/home/horcrux/Projects/dscope/DScope/server/src/presentation/presentationMapper.js:35:27)
    at /home/horcrux/Projects/dscope/DScope/server/src/index.js:242:30
TypeError: Cannot read properties of undefined (reading 'startsWith')
    at mapDirectoryNode (/home/horcrux/Projects/dscope/DScope/server/src/presentation/presentationMapper.js:202:62)
    at mapToUI (/home/horcrux/Projects/dscope/DScope/server/src/presentation/presentationMapper.js:35:27)
    at /home/horcrux/Projects/dscope/DScope/server/src/index.js:242:30
TypeError: Cannot read properties of undefined (reading 'startsWith')
    at mapDirectoryNode (/home/horcrux/Projects/dscope/DScope/server/src/presentation/presentationMapper.js:202:62)
    at mapToUI (/home/horcrux/Projects/dscope/DScope/server/src/presentation/presentationMapper.js:35:27)
    at /home/horcrux/Projects/dscope/DScope/server/src/index.js:242:30
TypeError: Cannot read properties of undefined (reading 'startsWith')
    at mapDirectoryNode (/home/horcrux/Projects/dscope/DScope/server/src/presentation/presentationMapper.js:202:62)
    at mapToUI (/home/horcrux/Projects/dscope/DScope/server/src/presentation/presentationMapper.js:35:27)
    at /home/horcrux/Projects/dscope/DScope/server/src/index.js:242:30
TypeError: Cannot read properties of undefined (reading 'startsWith')
    at mapDirectoryNode (/home/horcrux/Projects/dscope/DScope/server/src/presentation/presentationMapper.js:202:62)
    at mapToUI (/home/horcrux/Projects/dscope/DScope/server/src/presentation/presentationMapper.js:35:27)
    at /home/horcrux/Projects/dscope/DScope/server/src/index.js:242:30
TypeError: Cannot read properties of undefined (reading 'startsWith')
    at mapDirectoryNode (/home/horcrux/Projects/dscope/DScope/server/src/presentation/presentationMapper.js:202:62)
    at mapToUI (/home/horcrux/Projects/dscope/DScope/server/src/presentation/presentationMapper.js:35:27)
    at /home/horcrux/Projects/dscope/DScope/server/src/index.js:242:30
TypeError: Cannot read properties of undefined (reading 'startsWith')
    at mapDirectoryNode (/home/horcrux/Projects/dscope/DScope/server/src/presentation/presentationMapper.js:202:62)
    at mapToUI (/home/horcrux/Projects/dscope/DScope/server/src/presentation/presentationMapper.js:35:27)
    at /home/horcrux/Projects/dscope/DScope/server/src/index.js:242:30
