nohup: ignoring input
DScope Server running on http://localhost:3000
Error: ENOENT: no such file or directory, scandir 'tests/test_sandbox_features'
    at async Object.readdir (node:internal/fs/promises:957:18)
    at async _scanRecursive (/home/horcrux/Projects/dscope/DScope/server/src/core/scanner.js:58:19)
    at async /home/horcrux/Projects/dscope/DScope/server/src/index.js:50:24 {
  errno: -2,
  code: 'ENOENT',
  syscall: 'scandir',
  path: 'tests/test_sandbox_features'
}
Error: ENOENT: no such file or directory, scandir 'tests/test_sandbox_features'
    at async Object.readdir (node:internal/fs/promises:957:18)
    at async _scanRecursive (/home/horcrux/Projects/dscope/DScope/server/src/core/scanner.js:58:19)
    at async /home/horcrux/Projects/dscope/DScope/server/src/index.js:79:24 {
  errno: -2,
  code: 'ENOENT',
  syscall: 'scandir',
  path: 'tests/test_sandbox_features'
}
